<?xml version="1.0" encoding="UTF-8"?>
<!-- Generated by org.testng.reporters.JUnitReportReporter -->
<testsuite hostname="HIBAML55072" name="OrangeHRM.testcases.LoginScenarios" tests="3" failures="0" timestamp="5 Apr 2020 12:35:08 GMT" time="10.379" errors="0">
  <testcase name="verifyLogoutDetails" time="2.889" classname="OrangeHRM.testcases.LoginScenarios"/>
  <testcase name="verifyBeforeLoginDetails" time="0.142" classname="OrangeHRM.testcases.LoginScenarios"/>
  <testcase name="verifyAfterLoginDetails" time="7.348" classname="OrangeHRM.testcases.LoginScenarios"/>
</testsuite> <!-- OrangeHRM.testcases.LoginScenarios -->
