<?xml version="1.0" encoding="UTF-8"?>
<!-- Generated by org.testng.reporters.JUnitReportReporter -->
<testsuite hostname="HIBAML55072" name="OrangeHRM.testcases.CreateUserFromAdmin" tests="3" failures="0" timestamp="7 Apr 2020 14:39:11 GMT" time="17.557" errors="0">
  <testcase name="verifyAfterLoginDetails" time="11.081" classname="OrangeHRM.testcases.CreateUserFromAdmin"/>
  <testcase name="verifyUserAddition" time="6.394" classname="OrangeHRM.testcases.CreateUserFromAdmin"/>
  <testcase name="verifyBeforeLoginDetails" time="0.082" classname="OrangeHRM.testcases.CreateUserFromAdmin"/>
</testsuite> <!-- OrangeHRM.testcases.CreateUserFromAdmin -->
