<?xml version="1.0" encoding="UTF-8"?>
<!-- Generated by org.testng.reporters.JUnitReportReporter -->
<testsuite hostname="HIBAML55072" name="OrangeHRM.testcases.SeleniumGridExampleUsingIOS" tests="1" failures="0" timestamp="8 Apr 2020 14:31:05 GMT" time="50.080" errors="0">
  <testcase name="testonIOS" time="50.080" classname="OrangeHRM.testcases.SeleniumGridExampleUsingIOS"/>
</testsuite> <!-- OrangeHRM.testcases.SeleniumGridExampleUsingIOS -->
