<?xml version="1.0" encoding="UTF-8"?>
<!-- Generated by org.testng.reporters.JUnitReportReporter -->
<testsuite hostname="HIBAML55072" name="OrangeHRM.testcases.SeleniumGridExampleUsingAndroid" tests="1" failures="0" timestamp="8 Apr 2020 14:28:55 GMT" time="17.382" errors="0">
  <testcase name="testonAndroid" time="17.382" classname="OrangeHRM.testcases.SeleniumGridExampleUsingAndroid"/>
</testsuite> <!-- OrangeHRM.testcases.SeleniumGridExampleUsingAndroid -->
