<?xml version="1.0" encoding="UTF-8"?>
<!-- Generated by org.testng.reporters.JUnitReportReporter -->
<testsuite hostname="HIBAML55072" name="OrangeHRM.testcases.SeleniumGridExample" tests="1" failures="0" timestamp="8 Apr 2020 11:17:23 GMT" time="20.403" errors="0">
  <testcase name="testonAndroid" time="20.403" classname="OrangeHRM.testcases.SeleniumGridExample"/>
</testsuite> <!-- OrangeHRM.testcases.SeleniumGridExample -->
