<?xml version="1.0" encoding="UTF-8"?>
<!-- Generated by org.testng.reporters.JUnitReportReporter -->
<testsuite hostname="HIBAML55072" name="OrangeHRM.testcases.LoginScenarios" tests="3" failures="0" timestamp="7 Apr 2020 14:39:11 GMT" time="8.851" errors="0">
  <testcase name="verifyBeforeLoginDetails" time="0.640" classname="OrangeHRM.testcases.LoginScenarios"/>
  <testcase name="verifyLogoutDetails" time="3.064" classname="OrangeHRM.testcases.LoginScenarios"/>
  <testcase name="verifyAfterLoginDetails" time="5.147" classname="OrangeHRM.testcases.LoginScenarios"/>
</testsuite> <!-- OrangeHRM.testcases.LoginScenarios -->
